<?xml version="1.0" encoding="UTF-8"?>
<!-- Generated by org.testng.reporters.JUnitReportReporter -->
<testsuite hostname="MacBook-Air-de-Felipe.local" failures="0" tests="1" name="test.FirsTest" time="6.077" errors="0" timestamp="2022-03-19T08:56:27 CST" skipped="0">
  <testcase classname="test.FirsTest" name="simpleTest" time="6.077"/>
  <system-out/>
</testsuite> <!-- test.FirsTest -->
